<?xml version="1.0" encoding="UTF-8"?>
<TestRun id="40a5025a-7b73-49b8-a73d-b4b724afc111" name="Nguyen@FDO 2016-10-03 23:12:19" runUser="FDO\Nguyen" xmlns="http://microsoft.com/schemas/VisualStudio/TeamTest/2010">
  <Times creation="2016-10-03T23:12:19.3806997+07:00" queuing="2016-10-03T23:12:19.3806997+07:00" start="2016-10-03T23:12:18.9273984+07:00" finish="2016-10-03T23:12:19.4707591+07:00" />
  <TestSettings name="default" id="5b3a927b-0b2f-4938-8afc-724268e71b32">
    <Execution>
      <TestTypeSpecific />
    </Execution>
    <Deployment runDeploymentRoot="Nguyen_FDO 2016-10-03 23_12_19" />
    <Properties />
  </TestSettings>
  <Results>
    <UnitTestResult executionId="5e030688-c9a3-4125-9ae6-4eecd0a85b8c" testId="9c0ccffc-6e73-564f-ad68-aaa1dc6a0c03" testName="ValidateTestInvalid1" computerName="FDO" duration="00:00:00.0571653" startTime="2016-10-03T23:12:18.9273984+07:00" endTime="2016-10-03T23:12:19.2195955+07:00" testType="13cdc9d9-ddb5-4fa4-a97d-d965ccfc6d4b" outcome="Passed" testListId="8c84fa94-04c1-424b-9868-57a2d4851a1d" relativeResultsDirectory="5e030688-c9a3-4125-9ae6-4eecd0a85b8c" />
    <UnitTestResult executionId="d0ab2ec7-1022-4a95-9de3-9ee05248ba2d" testId="7dfeae50-0381-560e-d5fa-95b18b657456" testName="ValidateTestInvalid2" computerName="FDO" duration="00:00:00.0005482" startTime="2016-10-03T23:12:19.2296002+07:00" endTime="2016-10-03T23:12:19.2306009+07:00" testType="13cdc9d9-ddb5-4fa4-a97d-d965ccfc6d4b" outcome="Passed" testListId="8c84fa94-04c1-424b-9868-57a2d4851a1d" relativeResultsDirectory="d0ab2ec7-1022-4a95-9de3-9ee05248ba2d" />
    <UnitTestResult executionId="8b2a577b-8811-4387-b29d-2a26925cabb6" testId="ed60fd58-9469-edd0-aa20-7f033fc49142" testName="ValidateTestInvalid3" computerName="FDO" duration="00:00:00.0003315" startTime="2016-10-03T23:12:19.2306009+07:00" endTime="2016-10-03T23:12:19.2306009+07:00" testType="13cdc9d9-ddb5-4fa4-a97d-d965ccfc6d4b" outcome="Passed" testListId="8c84fa94-04c1-424b-9868-57a2d4851a1d" relativeResultsDirectory="8b2a577b-8811-4387-b29d-2a26925cabb6" />
  </Results>
  <TestDefinitions>
    <UnitTest name="ValidateTestInvalid1" storage="c:\users\nguyen\documents\visual studio 2015\projects\bt2\testbt2\bin\debug\testbt2.dll" id="9c0ccffc-6e73-564f-ad68-aaa1dc6a0c03">
      <Execution id="5e030688-c9a3-4125-9ae6-4eecd0a85b8c" />
      <TestMethod codeBase="C:\Users\Nguyen\Documents\Visual Studio 2015\Projects\BT2\TestBT2\bin\Debug\TestBT2.dll" adapterTypeName="Microsoft.VisualStudio.TestTools.TestTypes.Unit.UnitTestAdapter" className="TestBT2.BT2Test" name="ValidateTestInvalid1" />
    </UnitTest>
    <UnitTest name="ValidateTestInvalid2" storage="c:\users\nguyen\documents\visual studio 2015\projects\bt2\testbt2\bin\debug\testbt2.dll" id="7dfeae50-0381-560e-d5fa-95b18b657456">
      <Execution id="d0ab2ec7-1022-4a95-9de3-9ee05248ba2d" />
      <TestMethod codeBase="C:\Users\Nguyen\Documents\Visual Studio 2015\Projects\BT2\TestBT2\bin\Debug\TestBT2.dll" adapterTypeName="Microsoft.VisualStudio.TestTools.TestTypes.Unit.UnitTestAdapter" className="TestBT2.BT2Test" name="ValidateTestInvalid2" />
    </UnitTest>
    <UnitTest name="ValidateTestInvalid3" storage="c:\users\nguyen\documents\visual studio 2015\projects\bt2\testbt2\bin\debug\testbt2.dll" id="ed60fd58-9469-edd0-aa20-7f033fc49142">
      <Execution id="8b2a577b-8811-4387-b29d-2a26925cabb6" />
      <TestMethod codeBase="C:\Users\Nguyen\Documents\Visual Studio 2015\Projects\BT2\TestBT2\bin\Debug\TestBT2.dll" adapterTypeName="Microsoft.VisualStudio.TestTools.TestTypes.Unit.UnitTestAdapter" className="TestBT2.BT2Test" name="ValidateTestInvalid3" />
    </UnitTest>
  </TestDefinitions>
  <TestEntries>
    <TestEntry testId="9c0ccffc-6e73-564f-ad68-aaa1dc6a0c03" executionId="5e030688-c9a3-4125-9ae6-4eecd0a85b8c" testListId="8c84fa94-04c1-424b-9868-57a2d4851a1d" />
    <TestEntry testId="7dfeae50-0381-560e-d5fa-95b18b657456" executionId="d0ab2ec7-1022-4a95-9de3-9ee05248ba2d" testListId="8c84fa94-04c1-424b-9868-57a2d4851a1d" />
    <TestEntry testId="ed60fd58-9469-edd0-aa20-7f033fc49142" executionId="8b2a577b-8811-4387-b29d-2a26925cabb6" testListId="8c84fa94-04c1-424b-9868-57a2d4851a1d" />
  </TestEntries>
  <TestLists>
    <TestList name="Results Not in a List" id="8c84fa94-04c1-424b-9868-57a2d4851a1d" />
    <TestList name="All Loaded Results" id="19431567-8539-422a-85d7-44ee4e166bda" />
  </TestLists>
  <ResultSummary outcome="Completed">
    <Counters total="3" executed="3" passed="3" failed="0" error="0" timeout="0" aborted="0" inconclusive="0" passedButRunAborted="0" notRunnable="0" notExecuted="0" disconnected="0" warning="0" completed="0" inProgress="0" pending="0" />
  </ResultSummary>
</TestRun>