<?xml version="1.0" encoding="UTF-8"?>
<!-- Generated by org.testng.reporters.JUnitReportReporter -->
<testsuite hostname="CamVan" name="org.testng.CheckTriangleTypeTest" tests="6" failures="0" timestamp="3 Oct 2016 14:46:15 GMT" time="0.031" errors="0">
  <testcase name="CheckRightAngledTriangleTest1" time="0.000" classname="org.testng.CheckTriangleTypeTest"/>
  <testcase name="CheckRightAngledTriangleTest2" time="0.000" classname="org.testng.CheckTriangleTypeTest"/>
  <testcase name="CheckNotRightAngledTriangleTest1" time="0.000" classname="org.testng.CheckTriangleTypeTest"/>
  <testcase name="CheckRightAngledTriangleTest3" time="0.015" classname="org.testng.CheckTriangleTypeTest"/>
  <testcase name="CheckInvalidTriangleTest" time="0.016" classname="org.testng.CheckTriangleTypeTest"/>
  <testcase name="CheckNotRightAngledTriangleTest2" time="0.000" classname="org.testng.CheckTriangleTypeTest"/>
</testsuite> <!-- org.testng.CheckTriangleTypeTest -->
